  main.cpp
h:\year 2\3d graphics programming\2017-05-26 - gd2p04 - summative 3 - charmaine lim\source - charmaine lim\summative 3\main\main.cpp(59): warning C4244: 'initializing': conversion from 'double' to 'int', possible loss of data
h:\year 2\3d graphics programming\2017-05-26 - gd2p04 - summative 3 - charmaine lim\source - charmaine lim\summative 3\main\main.cpp(60): warning C4244: 'initializing': conversion from 'double' to 'int', possible loss of data
h:\year 2\3d graphics programming\2017-05-26 - gd2p04 - summative 3 - charmaine lim\source - charmaine lim\summative 3\main\main.cpp(456): warning C4800: 'int': forcing value to bool 'true' or 'false' (performance warning)
h:\year 2\3d graphics programming\2017-05-26 - gd2p04 - summative 3 - charmaine lim\source - charmaine lim\summative 3\main\main.cpp(457): warning C4800: 'int': forcing value to bool 'true' or 'false' (performance warning)
h:\year 2\3d graphics programming\2017-05-26 - gd2p04 - summative 3 - charmaine lim\source - charmaine lim\summative 3\main\main.cpp(458): warning C4800: 'int': forcing value to bool 'true' or 'false' (performance warning)
h:\year 2\3d graphics programming\2017-05-26 - gd2p04 - summative 3 - charmaine lim\source - charmaine lim\summative 3\main\main.cpp(459): warning C4800: 'int': forcing value to bool 'true' or 'false' (performance warning)
h:\year 2\3d graphics programming\2017-05-26 - gd2p04 - summative 3 - charmaine lim\source - charmaine lim\summative 3\main\main.cpp(460): warning C4800: 'int': forcing value to bool 'true' or 'false' (performance warning)
h:\year 2\3d graphics programming\2017-05-26 - gd2p04 - summative 3 - charmaine lim\source - charmaine lim\summative 3\main\main.cpp(461): warning C4800: 'int': forcing value to bool 'true' or 'false' (performance warning)
h:\year 2\3d graphics programming\2017-05-26 - gd2p04 - summative 3 - charmaine lim\source - charmaine lim\summative 3\main\main.cpp(462): warning C4800: 'int': forcing value to bool 'true' or 'false' (performance warning)
h:\year 2\3d graphics programming\2017-05-26 - gd2p04 - summative 3 - charmaine lim\source - charmaine lim\summative 3\main\main.cpp(468): warning C4800: 'int': forcing value to bool 'true' or 'false' (performance warning)
h:\year 2\3d graphics programming\2017-05-26 - gd2p04 - summative 3 - charmaine lim\source - charmaine lim\summative 3\main\main.cpp(469): warning C4800: 'int': forcing value to bool 'true' or 'false' (performance warning)
h:\year 2\3d graphics programming\2017-05-26 - gd2p04 - summative 3 - charmaine lim\source - charmaine lim\summative 3\main\main.cpp(470): warning C4800: 'int': forcing value to bool 'true' or 'false' (performance warning)
h:\year 2\3d graphics programming\2017-05-26 - gd2p04 - summative 3 - charmaine lim\source - charmaine lim\summative 3\main\main.cpp(471): warning C4800: 'int': forcing value to bool 'true' or 'false' (performance warning)
h:\year 2\3d graphics programming\2017-05-26 - gd2p04 - summative 3 - charmaine lim\source - charmaine lim\summative 3\main\main.cpp(472): warning C4800: 'int': forcing value to bool 'true' or 'false' (performance warning)
h:\year 2\3d graphics programming\2017-05-26 - gd2p04 - summative 3 - charmaine lim\source - charmaine lim\summative 3\main\main.cpp(473): warning C4800: 'int': forcing value to bool 'true' or 'false' (performance warning)
h:\year 2\3d graphics programming\2017-05-26 - gd2p04 - summative 3 - charmaine lim\source - charmaine lim\summative 3\main\main.cpp(474): warning C4800: 'int': forcing value to bool 'true' or 'false' (performance warning)
h:\year 2\3d graphics programming\2017-05-26 - gd2p04 - summative 3 - charmaine lim\source - charmaine lim\summative 3\main\main.cpp(612): warning C4244: 'initializing': conversion from 'int' to 'GLfloat', possible loss of data
h:\year 2\3d graphics programming\2017-05-26 - gd2p04 - summative 3 - charmaine lim\source - charmaine lim\summative 3\main\main.cpp(747): warning C4244: 'initializing': conversion from 'int' to 'GLfloat', possible loss of data
h:\year 2\3d graphics programming\2017-05-26 - gd2p04 - summative 3 - charmaine lim\source - charmaine lim\summative 3\main\main.cpp(748): warning C4244: 'initializing': conversion from 'int' to 'GLfloat', possible loss of data
h:\year 2\3d graphics programming\2017-05-26 - gd2p04 - summative 3 - charmaine lim\source - charmaine lim\summative 3\main\main.cpp(810): warning C4244: 'initializing': conversion from 'int' to 'GLfloat', possible loss of data
h:\year 2\3d graphics programming\2017-05-26 - gd2p04 - summative 3 - charmaine lim\source - charmaine lim\summative 3\main\main.cpp(811): warning C4244: 'initializing': conversion from 'int' to 'GLfloat', possible loss of data
h:\year 2\3d graphics programming\2017-05-26 - gd2p04 - summative 3 - charmaine lim\source - charmaine lim\summative 3\main\main.cpp(834): warning C4244: '=': conversion from 'float' to 'int', possible loss of data
h:\year 2\3d graphics programming\2017-05-26 - gd2p04 - summative 3 - charmaine lim\source - charmaine lim\summative 3\main\main.cpp(835): warning C4244: '=': conversion from 'float' to 'int', possible loss of data
  Summative 3.vcxproj -> H:\Year 2\3D Graphics Programming\2017-05-26 - GD2P04 - Summative 3 - Charmaine Lim\Source - Charmaine Lim\Debug\Summative 3.exe
  Summative 3.vcxproj -> H:\Year 2\3D Graphics Programming\2017-05-26 - GD2P04 - Summative 3 - Charmaine Lim\Source - Charmaine Lim\Debug\Summative 3.pdb (Partial PDB)
