<->[NORMAL]#Mon Jan 14 14:54:09 2008#Demoniak3D is starting up - version: 1.17.0.#
<->[NORMAL]#Mon Jan 14 14:54:09 2008#Current Screen Settings: WIDTH=1920   HEIGHT=1200  BPP=32  FREQ=60#
<->[NORMAL]#Mon Jan 14 14:54:09 2008#Current Screen Settings: WIDTH=1920   HEIGHT=1200  BPP=32  FREQ=60#
<->[NORMAL]#Mon Jan 14 14:54:09 2008#oZone3D Engine is starting up - kernel version: 2.24.0 - codename: NitroGen#
<->[NORMAL]#Mon Jan 14 14:54:10 2008#RenderingCore plugin o3PluginRenderingCoreOpenGL is used as default RenderingCore.#
<->[NORMAL]#Mon Jan 14 14:54:10 2008#oZone3D Engine kernel startup completed.#
<->[NORMAL]#Mon Jan 14 14:54:11 2008#o3PluginRenderingCoreOpenGL INFO: OpenGL version detected: 2.1.1#
<->[NORMAL]#Mon Jan 14 14:54:11 2008#o3PluginRenderingCoreOpenGL INFO: Max Viewport Size: 8192#
<->[NORMAL]#Mon Jan 14 14:54:11 2008#o3PluginRenderingCoreOpenGL INFO: Hardware generation of mipmaps supported (OpenGL>=1.4)#
<->[NORMAL]#Mon Jan 14 14:54:11 2008#o3PluginRenderingCoreOpenGL INFO: POTD texture max size 8192x8192 pixels#
<->[NORMAL]#Mon Jan 14 14:54:11 2008#o3PluginRenderingCoreOpenGL INFO: number of texture units: 4#
<->[NORMAL]#Mon Jan 14 14:54:11 2008#o3PluginRenderingCoreOpenGL INFO: Your opengl implementation supports multitexturing. Good#
<->[NORMAL]#Mon Jan 14 14:54:11 2008#o3PluginRenderingCoreOpenGL INFO: hardware Cube Mapping supported#
<->[NORMAL]#Mon Jan 14 14:54:11 2008#o3PluginRenderingCoreOpenGL INFO: hardware DOT3 Bump Mapping supported#
<->[NORMAL]#Mon Jan 14 14:54:11 2008#o3PluginRenderingCoreOpenGL INFO: Vertical SYNChronisation control supported - vsync disabled - performance speed up#
<->[NORMAL]#Mon Jan 14 14:54:11 2008#o3PluginRenderingCoreOpenGL INFO: separate_specular_color supported#
<->[NORMAL]#Mon Jan 14 14:54:11 2008#o3PluginRenderingCoreOpenGL INFO: texture_edge_clamp supported#
<->[NORMAL]#Mon Jan 14 14:54:11 2008#o3PluginRenderingCoreOpenGL INFO: glDrawRangeElements supported#
<->[NORMAL]#Mon Jan 14 14:54:11 2008#o3PluginRenderingCoreOpenGL INFO: compiled_vertex_array supported#
<->[NORMAL]#Mon Jan 14 14:54:11 2008#o3PluginRenderingCoreOpenGL INFO: EXT_vertex_array supported#
<->[NORMAL]#Mon Jan 14 14:54:11 2008#o3PluginRenderingCoreOpenGL INFO: fog_coord supported#
<->[NORMAL]#Mon Jan 14 14:54:11 2008#o3PluginRenderingCoreOpenGL INFO: texture_filter_anisotropic supported - max anisotropic value: 16.00#
<->[NORMAL]#Mon Jan 14 14:54:11 2008#o3PluginRenderingCoreOpenGL INFO: vertex_buffer_object supported - very good - you're ready for high polycount!!!#
<->[NORMAL]#Mon Jan 14 14:54:11 2008#o3PluginRenderingCoreOpenGL INFO: vertex_program and fragment_program supported. Very good! Welcome to the amazing world of Vertex and Pixel Shaders!#
<->[NORMAL]#Mon Jan 14 14:54:11 2008#o3PluginRenderingCoreOpenGL INFO: vertex shader max instructions: 8192#
<->[NORMAL]#Mon Jan 14 14:54:11 2008#o3PluginRenderingCoreOpenGL INFO: fragment shader max instructions: 8192#
<->[NORMAL]#Mon Jan 14 14:54:11 2008#o3PluginRenderingCoreOpenGL INFO: number of vertex shader texture samplers: 32#
<->[NORMAL]#Mon Jan 14 14:54:11 2008#o3PluginRenderingCoreOpenGL INFO: number of pixel shader texture samplers: 32#
<->[NORMAL]#Mon Jan 14 14:54:11 2008#o3PluginRenderingCoreOpenGL INFO: Pixel Shader - nVidia specific - max execution instructions: 16777216#
<->[NORMAL]#Mon Jan 14 14:54:11 2008#o3PluginRenderingCoreOpenGL INFO: Vertex Shader - nVidia specific - max execution instructions: 16777216#
<->[NORMAL]#Mon Jan 14 14:54:11 2008#o3PluginRenderingCoreOpenGL INFO: OpenGL Shading Language (GLSL) 1.20 NVIDIA via Cg compiler supported - very very good! welcome to the amazing world of HLSL!#
<->[NORMAL]#Mon Jan 14 14:54:11 2008#o3PluginRenderingCoreOpenGL INFO: stencil_two_side supported#
<->[NORMAL]#Mon Jan 14 14:54:11 2008#o3PluginRenderingCoreOpenGL INFO: ATI separate_stencil NOT supported#
<->[NORMAL]#Mon Jan 14 14:54:11 2008#o3PluginRenderingCoreOpenGL INFO: depth_clamp supported#
<->[NORMAL]#Mon Jan 14 14:54:11 2008#o3PluginRenderingCoreOpenGL INFO: point_sprite supported - point_sprite max size = 63.375000.#
<->[NORMAL]#Mon Jan 14 14:54:11 2008#o3PluginRenderingCoreOpenGL INFO: Pixel Buffer Object (PBO) supported#
<->[NORMAL]#Mon Jan 14 14:54:11 2008#o3PluginRenderingCoreOpenGL INFO: Frame Buffer Object (FBO) supported#
<->[NORMAL]#Mon Jan 14 14:54:11 2008#o3PluginRenderingCoreOpenGL INFO: Texture Compression supported#
<->[NORMAL]#Mon Jan 14 14:54:11 2008#o3PluginRenderingCoreOpenGL INFO: S3TC Texture Compression supported#
<->[NORMAL]#Mon Jan 14 14:54:11 2008#o3PluginRenderingCoreOpenGL INFO: ATI 3Dc Texture Compression NOT supported#
<->[NORMAL]#Mon Jan 14 14:54:11 2008#o3PluginRenderingCoreOpenGL INFO: NPOTD Regular Textures supported#
<->[NORMAL]#Mon Jan 14 14:54:11 2008#o3PluginRenderingCoreOpenGL INFO: Texture Rectangles supported#
<->[NORMAL]#Mon Jan 14 14:54:11 2008#o3PluginRenderingCoreOpenGL INFO: Texture Rectangles max size 8192x8192 pixels#
<->[NORMAL]#Mon Jan 14 14:54:11 2008#o3PluginRenderingCoreOpenGL INFO: GL_ARB_texture_float supported#
<->[NORMAL]#Mon Jan 14 14:54:11 2008#o3PluginRenderingCoreOpenGL INFO: GL_ATI_texture_float supported#
<->[NORMAL]#Mon Jan 14 14:54:11 2008#o3PluginRenderingCoreOpenGL INFO: GL_NV_float_buffer supported#
<->[NORMAL]#Mon Jan 14 14:54:11 2008#o3PluginRenderingCoreOpenGL INFO: oZone3D OpenGL Rendering Core successfully started up and ready#
<->[NORMAL]#Mon Jan 14 14:54:11 2008#OpenGL version detected: [2.1].#
<->[NORMAL]#Mon Jan 14 14:54:11 2008#Demoniak3D 1.17.0 started up ok.#
<->[NORMAL]#Mon Jan 14 14:54:11 2008#There are 16 joystick devices detected.#
<->[NORMAL]#Mon Jan 14 14:54:11 2008#There is no driver for a joystick 1.#
<->[NORMAL]#Mon Jan 14 14:54:11 2008#LUA Manager startup - Amount of memory used by LUA: 34816 bytes#
<->[NORMAL]#Mon Jan 14 14:55:13 2008#o3PluginRenderingCoreOpenGL INFO: oZone3D OpenGL Rendering Core successfully shutted down#
<->[NORMAL]#Mon Jan 14 14:55:13 2008#oZone3D Engine kernel shutted down ok.#
<->[NORMAL]#Mon Jan 14 14:55:13 2008#Demoniak3D 1.17.0 shutted down ok.#
<->[NORMAL]#Mon Jan 14 14:55:13 2008#LUA Manager shutdown - Amount of memory used by LUA: 102400 bytes#
